<?xml version="1.0" encoding="UTF-8"?>
<!-- Generated by org.testng.reporters.JUnitReportReporter -->
<testsuite hostname="DESKTOP-L5K1S3V" failures="0" tests="4" name="com.abc.tests.TC03_VerifyUserInfo" time="16.300" errors="0" timestamp="2022-11-14T20:19:09 EST" skipped="0">
  <testcase classname="com.abc.tests.TC03_VerifyUserInfo" name="login" time="3.106"/>
  <system-out/>
  <testcase classname="com.abc.tests.TC03_VerifyUserInfo" name="verifyUser" time="6.924"/>
  <system-out/>
  <testcase classname="com.abc.tests.TC03_VerifyUserInfo" name="validateEmployeeID" time="6.266"/>
  <system-out/>
  <testcase classname="com.abc.tests.TC03_VerifyUserInfo" name="logout" time="0.004"/>
  <system-out/>
</testsuite> <!-- com.abc.tests.TC03_VerifyUserInfo -->
