<?xml version="1.0" encoding="UTF-8"?>
<!-- Generated by org.testng.reporters.JUnitReportReporter -->
<testsuite hostname="DESKTOP-L5K1S3V" failures="0" tests="4" name="com.abc.tests.TC02_SearchEmpID" time="12.255" errors="0" timestamp="2022-11-08T22:03:23 EST" skipped="0">
  <testcase classname="com.abc.tests.TC02_SearchEmpID" name="login" time="3.483"/>
  <system-out/>
  <testcase classname="com.abc.tests.TC02_SearchEmpID" name="searchEmployeesByID" time="8.332"/>
  <system-out/>
  <testcase classname="com.abc.tests.TC02_SearchEmpID" name="validateEmployeeID" time="0.438"/>
  <system-out/>
  <testcase classname="com.abc.tests.TC02_SearchEmpID" name="logout" time="0.002"/>
  <system-out/>
</testsuite> <!-- com.abc.tests.TC02_SearchEmpID -->
